WorkerThreadPool: 8 threads, 2 max low-priority.
Godot Engine v4.6.stable.official.89cea1439 - https://godotengine.org
TextServer: Added interface "Dummy"
TextServer: Added interface "ICU / HarfBuzz / Graphite (Built-in)"
Unrecognized output string "misc2" in mapping:
030000007e0500006920000001010000,Nintendo Switch 2 Pro Controller,a:b0,b:b1,back:b14,dpdown:b8,dpleft:b10,dpright:b9,dpup:b11,guide:b16,leftshoulder:b12,leftstick:b15,lefttrigger:b13,leftx:a0,lefty:a1~,misc1:b17,misc2:b20,paddle1:b18,paddle2:b19,rightshoulder:b4,rightstick:b7,righttrigger:b5,rightx:a2,righty:a3~,start:b6,x:b2,y:b3,platform:Mac OS X,
SDL: Init OK!
Using "default" pen tablet driver...

TextServer: Primary interface set to: "ICU / HarfBuzz / Graphite (Built-in)".
CORE API HASH: 3663110324
EDITOR API HASH: 835956462
SceneTreeFTI: traversal method DEFAULT
Loading resource: res://samples/mystery/adventure_game_state.gd
Loaded system CA certificates
Loading resource: res://samples/mystery/office_scene.tscn
Loading resource: res://samples/mystery/office_scene.gd
ERROR: Cannot get class 'InteractionManager'.
   at: _instantiate_internal (core/object/class_db.cpp:565)
WARNING: Node InteractionManager of type InteractionManager cannot be created. A placeholder will be created instead.
     at: instantiate (scene/resources/packed_scene.cpp:333)
ERROR: Cannot get class 'DialogueUI'.
   at: _instantiate_internal (core/object/class_db.cpp:565)
WARNING: Node DialogueUI of type DialogueUI cannot be created. A placeholder will be created instead.
     at: instantiate (scene/resources/packed_scene.cpp:333)
Adventure Game State Initialized
SCRIPT ERROR: Invalid access to property or key 'clicked_at' on a base object of type 'Node'.
          at: _ready (res://samples/mystery/office_scene.gd:7)
          GDScript backtrace (most recent call first):
              [0] _ready (res://samples/mystery/office_scene.gd:7)
XR: Clearing primary interface
XR: Removed interface "Native mobile"
XR: Removed interface "OpenXR"
