Godot Engine v4.6.stable.official.89cea1439 - https://godotengine.org

Sandbox GDExtension Initialized!
Adventure Game State (C++) Initialized
[DEBUG] KarakuriScenarioRunner constructed: 46245068816
[DEBUG] [Runner 46245068816] notify_mode_exit called. current=, next=
[TestimonyUI] hide_panel called
[DEBUG] KarakuriTestimonySession::reset() called. Reason: load_scene_by_id
[DEBUG] [Runner 46245068816] notify_mode_enter called. target=prologue
[DEBUG] KarakuriTestimonySession::reset() called. Reason: notify_mode_enter
[TestimonyUI] on_mode_enter: visible set to false
[DialogueUI] Rebuilding choices. Container exists: true
[DialogueUI] Rebuilding choices. Container exists: true
[DialogueUI] Starting typing: プロローグ
[DialogueUI] Typing finished naturally
[KARAKURI_SMOKE] dialogue playback observed (clear_cycle): プロローグ
[DialogueUI] Starting typing: レン探偵！ボスがお呼びです。
倉庫街で荷物が消失する事件の通報が入りました。
[DialogueUI] Typing finished instantly (speed=0)
[KARAKURI_SMOKE] dialogue playback observed (clear_cycle): レン探偵！ボスがお呼びです。
倉庫街で荷物が消失する事件の通報が入りました。
[DialogueUI] Starting typing: 探偵事務所だ。今日も平和だな。
[DialogueUI] Typing finished instantly (speed=0)
[KARAKURI_SMOKE] dialogue playback observed (clear_cycle): 探偵事務所だ。今日も平和だな。
[DialogueUI] Starting typing: おい！事件だ。今すぐ倉庫街へ向かえ！
[DialogueUI] Typing finished instantly (speed=0)
[KARAKURI_SMOKE] dialogue playback observed (clear_cycle): おい！事件だ。今すぐ倉庫街へ向かえ！
[DialogueUI] Starting typing: 了解です。すぐ調査に向かいます。
[DialogueUI] Typing finished instantly (speed=0)
[KARAKURI_SMOKE] dialogue playback observed (clear_cycle): 了解です。すぐ調査に向かいます。
[DEBUG] [Runner 46245068816] notify_mode_exit called. current=investigation, next=prologue
[DEBUG] KarakuriTestimonySession::reset() called. Reason: notify_mode_exit
[TestimonyUI] hide_panel called
[DEBUG] KarakuriTestimonySession::reset() called. Reason: load_scene_by_id
[DEBUG] [Runner 46245068816] notify_mode_enter called. target=warehouse_investigation
[DEBUG] KarakuriTestimonySession::reset() called. Reason: notify_mode_enter
[TestimonyUI] on_mode_enter: visible set to false
[DialogueUI] Rebuilding choices. Container exists: true
[DialogueUI] Rebuilding choices. Container exists: true
[KARAKURI_SMOKE] waiting for base (with clicks): WarehouseBase
[DialogueUI] Starting typing: ここが現場の倉庫か…手がかりを探そう。
[DialogueUI] Typing finished instantly (speed=0)
[KARAKURI_SMOKE] warehouse intro detected. clearing...
[KARAKURI_SMOKE] dialogue playback observed (clear_cycle): ここが現場の倉庫か…手がかりを探そう。
[DialogueUI] Rebuilding choices. Container exists: true
[KARAKURI_SMOKE] testing NPC (Tanaka) click blocked in Investigate Mode...
[KARAKURI_SMOKE] dialogue playback observed (clear_cycle): ここが現場の倉庫か…手がかりを探そう。
[KARAKURI_SMOKE] testing evidence (Footprints) click blocked in Talk Mode...
[DialogueUI] Rebuilding choices. Container exists: true
[DialogueUI] Starting typing: 巨大な足跡だ。
[DialogueUI] Typing finished instantly (speed=0)
[KARAKURI_SMOKE] dialogue playback observed (clear_cycle): 巨大な足跡だ。
[DialogueUI] Rebuilding choices. Container exists: true
[KARAKURI_SMOKE] testing mode toggle (Talk -> Investigate)...
[KARAKURI_SMOKE] testing NPC interaction (Tanaka)...
[DialogueUI] Rebuilding choices. Container exists: true
[KARAKURI_SMOKE] dialogue playback observed (clear_cycle): 巨大な足跡だ。
[DialogueUI] Starting typing: あなたが管理人さんですか？何か変わったことは？
[DialogueUI] Typing finished instantly (speed=0)
[KARAKURI_SMOKE] dialogue playback observed (clear_cycle): あなたが管理人さんですか？何か変わったことは？
[KARAKURI_SMOKE] dialogue playback observed (clear_cycle): あなたが管理人さんですか？何か変わったことは？
[DialogueUI] Starting typing: おお、探偵さんか。いいですか、私の記録に不備などありませんよ！
[DialogueUI] Typing finished instantly (speed=0)
[KARAKURI_SMOKE] dialogue playback observed (clear_cycle): おお、探偵さんか。いいですか、私の記録に不備などありませんよ！
[DialogueUI] Rebuilding choices. Container exists: true
[KARAKURI_SMOKE] testing NPC interaction (Tanaka - Second Talk)...
[DialogueUI] Rebuilding choices. Container exists: true
[DialogueUI] Starting typing: 管理は完璧です。早く調査を終わらせてください！
[DialogueUI] Typing finished instantly (speed=0)
[KARAKURI_SMOKE] dialogue playback observed (clear_cycle): 管理は完璧です。早く調査を終わらせてください！
[KARAKURI_SMOKE] dialogue playback observed (clear_cycle): 管理は完璧です。早く調査を終わらせてください！
[DialogueUI] Starting typing: あなたが管理人さんですか？何か変わったことは？
[DialogueUI] Typing finished instantly (speed=0)
[DialogueUI] Starting typing: おお、探偵さんか。いいですか、私の記録に不備などありませんよ！
[DialogueUI] Typing finished instantly (speed=0)
[DialogueUI] Rebuilding choices. Container exists: true
[KARAKURI_SMOKE] testing NPC interaction (Sato)...
[DialogueUI] Rebuilding choices. Container exists: true
[KARAKURI_SMOKE] dialogue playback observed (clear_cycle): おお、探偵さんか。いいですか、私の記録に不備などありませんよ！
[DialogueUI] Starting typing: 何か妙な噂は聞いてないか？
[DialogueUI] Typing finished instantly (speed=0)
[KARAKURI_SMOKE] dialogue playback observed (clear_cycle): 何か妙な噂は聞いてないか？
[DialogueUI] Starting typing: （あくび）木箱の近くで光る霧を見ましたよ。不気味ですよねぇ。
[DialogueUI] Typing finished instantly (speed=0)
[KARAKURI_SMOKE] dialogue playback observed (clear_cycle): （あくび）木箱の近くで光る霧を見ましたよ。不気味ですよねぇ。
Item added: ectoplasm
[DialogueUI] Starting typing: 【証拠品：エクトプラズム】を入手した。
[DialogueUI] Typing finished instantly (speed=0)
[KARAKURI_SMOKE] dialogue playback observed (clear_cycle): 【証拠品：エクトプラズム】を入手した。
[DialogueUI] Rebuilding choices. Container exists: true
[KARAKURI_SMOKE] testing inventory open/close via CloseButton...
[DEBUG] [Runner 46245068816] on_evidence_selected called: . active=false, waiting=false
[KARAKURI_SMOKE] testing NPC interaction blocked while inventory open...
[KARAKURI_SMOKE] switching to Investigate Mode for evidence collection...
[KARAKURI_SMOKE] testing exit hints with missing evidence...
[DialogueUI] Rebuilding choices. Container exists: true
[DialogueUI] Starting typing: まだ調査が終わっていない気がする。
[DialogueUI] Typing finished instantly (speed=0)
ERROR: [KARAKURI_SMOKE] missing footprint hint did not show
   at: push_error (core/variant/variant_utility.cpp:1024)
   GDScript backtrace (most recent call first):
       [0] _assert (res://samples/mystery/scripts/karakuri_scenario_smoke.gd:77)
       [1] _go_to_deduction (res://samples/mystery/scripts/karakuri_scenario_smoke.gd:380)
       [2] _wait_for_dialogue_key (res://samples/mystery/scripts/karakuri_scenario_smoke.gd:69)
       [3] _wait_frames (res://samples/mystery/scripts/karakuri_scenario_smoke.gd:81)
[KARAKURI_SMOKE] dialogue playback observed (clear_cycle): まだ調査が終わっていない気がする。
[DialogueUI] Starting typing: 足跡などの物理的な形跡を探すべきだ。
[DialogueUI] Typing finished instantly (speed=0)
[KARAKURI_SMOKE] dialogue playback observed (clear_cycle): 足跡などの物理的な形跡を探すべきだ。
[DialogueUI] Starting typing: もっと人から話を聞いて証言を集める必要がある。
[DialogueUI] Typing finished instantly (speed=0)
[KARAKURI_SMOKE] dialogue playback observed (clear_cycle): もっと人から話を聞いて証言を集める必要がある。
[DialogueUI] Rebuilding choices. Container exists: true
[KARAKURI_SMOKE] testing investigation: collecting footprints...
[DialogueUI] Rebuilding choices. Container exists: true
[KARAKURI_SMOKE] dialogue playback observed (clear_cycle): もっと人から話を聞いて証言を集める必要がある。
[DialogueUI] Starting typing: 血のついた足跡を見つけた！
[DialogueUI] Typing finished instantly (speed=0)
[KARAKURI_SMOKE] dialogue playback observed (clear_cycle): 血のついた足跡を見つけた！
Item added: footprint
[DialogueUI] Starting typing: 【証拠品：足跡】を入手した。
[DialogueUI] Typing finished instantly (speed=0)
[KARAKURI_SMOKE] dialogue playback observed (clear_cycle): 【証拠品：足跡】を入手した。
[DialogueUI] Starting typing: 巨大な足跡だ。
[DialogueUI] Typing finished instantly (speed=0)
[KARAKURI_SMOKE] dialogue playback observed (clear_cycle): 巨大な足跡だ。
[DialogueUI] Rebuilding choices. Container exists: true
Item added: torn_memo
Item added: delivery_log
Item added: witness_report
[KARAKURI_SMOKE] items ready. switching back to Talk Mode to exit...
[KARAKURI_SMOKE] clicking exit...
[KARAKURI_SMOKE] runner idle. clicking exit (attempt 1)...
[DialogueUI] Rebuilding choices. Container exists: true
[DialogueUI] Starting typing: よし、十分な証拠が集まった。
[DialogueUI] Typing finished instantly (speed=0)
[KARAKURI_SMOKE] dialogue playback observed (clear_cycle): よし、十分な証拠が集まった。
[KARAKURI_SMOKE] runner still busy? state: true
[DEBUG] [Runner 46245068816] notify_mode_exit called. current=investigation, next=warehouse_investigation
[DEBUG] KarakuriTestimonySession::reset() called. Reason: notify_mode_exit
[TestimonyUI] hide_panel called
[DEBUG] KarakuriTestimonySession::reset() called. Reason: load_scene_by_id
[DEBUG] [Runner 46245068816] notify_mode_enter called. target=deduction
[DEBUG] KarakuriTestimonySession::reset() called. Reason: notify_mode_enter
[TestimonyUI] on_mode_enter: visible set to false
[DialogueUI] Rebuilding choices. Container exists: true
[DialogueUI] Rebuilding choices. Container exists: true
[KARAKURI_SMOKE] runner still busy? state: true
[KARAKURI_SMOKE] waiting for base (with clicks): OfficeBase
[KARAKURI_SMOKE] waiting for choices...
[DialogueUI] Mouse click detected. is_typing=false _waiting_for_click=false
[DialogueUI] Click ignored (not typing and not waiting)
[DialogueUI] Mouse click detected. is_typing=false _waiting_for_click=false
[DialogueUI] Click ignored (not typing and not waiting)
[DialogueUI] Starting typing: 戻ったか。で、犯人は誰だと思う？
[DialogueUI] Typing finished instantly (speed=0)
[DialogueUI] Mouse click detected. is_typing=false _waiting_for_click=true
[DialogueUI] Dialogue finished, emitting signal
[DialogueUI] Rebuilding choices. Container exists: true
[DialogueUI] Rebuilding choices. Container exists: true
[DialogueUI] Added choice button: 幽霊（証拠: エクトプラズム）
[DialogueUI] Added choice button: 人間（証拠: 足跡）
[DialogueUI] Rebuilding choices. Container exists: true
[DialogueUI] Added choice button: 幽霊（証拠: エクトプラズム）
[DialogueUI] Added choice button: 人間（証拠: 足跡）
[KARAKURI_SMOKE] waiting for choices...
ERROR: [KARAKURI_SMOKE] wrong deduction did not reduce HP
   at: push_error (core/variant/variant_utility.cpp:1024)
   GDScript backtrace (most recent call first):
       [0] _assert (res://samples/mystery/scripts/karakuri_scenario_smoke.gd:77)
       [1] _run (res://samples/mystery/scripts/karakuri_scenario_smoke.gd:463)
       [2] _wait_frames (res://samples/mystery/scripts/karakuri_scenario_smoke.gd:81)
[DialogueUI] Starting typing: ボスが激怒している！
[DialogueUI] Typing finished instantly (speed=0)
[KARAKURI_SMOKE] waiting for base (with clicks): WarehouseBase
[KARAKURI_SMOKE] dialogue playback observed (clear_cycle): ボスが激怒している！
[KARAKURI_SMOKE] dialogue playback observed (clear_cycle): ボスが激怒している！
[DialogueUI] Starting typing: 集中しろ！そんな薄弱な根拠で犯人を問い詰められるか！
[DialogueUI] Typing finished instantly (speed=0)
[KARAKURI_SMOKE] dialogue playback observed (clear_cycle): 集中しろ！そんな薄弱な根拠で犯人を問い詰められるか！
Took damage. Health now: 2
[DEBUG] [Runner 46245068816] notify_mode_exit called. current=deduction, next=deduction
[DEBUG] KarakuriTestimonySession::reset() called. Reason: notify_mode_exit
[TestimonyUI] hide_panel called
[DEBUG] KarakuriTestimonySession::reset() called. Reason: load_scene_by_id
[DEBUG] [Runner 46245068816] notify_mode_enter called. target=deduction
[DEBUG] KarakuriTestimonySession::reset() called. Reason: notify_mode_enter
[TestimonyUI] on_mode_enter: visible set to false
[DialogueUI] Rebuilding choices. Container exists: true
[DialogueUI] Rebuilding choices. Container exists: true
[KARAKURI_SMOKE] dialogue playback observed (clear_cycle): 集中しろ！そんな薄弱な根拠で犯人を問い詰められるか！
[DialogueUI] Starting typing: 戻ったか。で、犯人は誰だと思う？
[DialogueUI] Typing finished instantly (speed=0)
[KARAKURI_SMOKE] dialogue playback observed (clear_cycle): 戻ったか。で、犯人は誰だと思う？
[DialogueUI] Rebuilding choices. Container exists: true
[DialogueUI] Rebuilding choices. Container exists: true
[DialogueUI] Added choice button: 幽霊（証拠: エクトプラズム）
[DialogueUI] Added choice button: 人間（証拠: 足跡）
ERROR: [KARAKURI_SMOKE] failed to transition to confrontation scene
   at: push_error (core/variant/variant_utility.cpp:1024)
   GDScript backtrace (most recent call first):
       [0] _assert (res://samples/mystery/scripts/karakuri_scenario_smoke.gd:77)
       [1] _run (res://samples/mystery/scripts/karakuri_scenario_smoke.gd:469)
       [2] _wait_for_base_with_clicks (res://samples/mystery/scripts/karakuri_scenario_smoke.gd:280)
ERROR: [KARAKURI_SMOKE] confrontation intro dialogue was not rendered
   at: push_error (core/variant/variant_utility.cpp:1024)
   GDScript backtrace (most recent call first):
       [0] _assert (res://samples/mystery/scripts/karakuri_scenario_smoke.gd:77)
       [1] _run (res://samples/mystery/scripts/karakuri_scenario_smoke.gd:472)
       [2] _wait_for_dialogue_key (res://samples/mystery/scripts/karakuri_scenario_smoke.gd:69)
       [3] _wait_frames (res://samples/mystery/scripts/karakuri_scenario_smoke.gd:81)
[KARAKURI_SMOKE] clearing confrontation intro...
[DialogueUI] Rebuilding choices. Container exists: true
[DialogueUI] Added choice button: Ghost (Evidence: Ectoplasm)
[DialogueUI] Added choice button: Human (Evidence: Footprints)
[DialogueUI] Rebuilding choices. Container exists: true
[DialogueUI] Added choice button: 幽霊（証拠: エクトプラズム）
[DialogueUI] Added choice button: 人間（証拠: 足跡）
[KARAKURI_SMOKE] waiting for testimony action to become active...
ERROR: [KARAKURI_SMOKE] testimony action did not become active within timeout
   at: push_error (core/variant/variant_utility.cpp:1024)
   GDScript backtrace (most recent call first):
       [0] _assert (res://samples/mystery/scripts/karakuri_scenario_smoke.gd:77)
       [1] _run (res://samples/mystery/scripts/karakuri_scenario_smoke.gd:495)
       [2] _wait_until (res://samples/mystery/scripts/karakuri_scenario_smoke.gd:88)
[DEBUG] [Runner 46245068816] on_testimony_present_requested called. active=false, waiting=false, ui=true
[DEBUG] [Runner 46245068816] on_evidence_selected called: ectoplasm. active=false, waiting=false
[KARAKURI_SMOKE] clicking through wrong testimony...
ERROR: [KARAKURI_SMOKE] wrong testimony evidence did not reduce HP
   at: push_error (core/variant/variant_utility.cpp:1024)
   GDScript backtrace (most recent call first):
       [0] _assert (res://samples/mystery/scripts/karakuri_scenario_smoke.gd:77)
       [1] _run (res://samples/mystery/scripts/karakuri_scenario_smoke.gd:507)
       [2] _wait_frames (res://samples/mystery/scripts/karakuri_scenario_smoke.gd:81)
[KARAKURI_SMOKE] clicking through round 1 statement...
[DEBUG] [Runner 46245068816] on_testimony_present_requested called. active=false, waiting=false, ui=true
[DEBUG] [Runner 46245068816] on_evidence_selected called: footprint. active=false, waiting=false
[DEBUG] [Runner 46245068816] on_testimony_present_requested called. active=false, waiting=false, ui=true
[DEBUG] [Runner 46245068816] on_evidence_selected called: witness_report. active=false, waiting=false
[KARAKURI_SMOKE] clicking through correct testimony (and on_success dialogue)...
[KARAKURI_SMOKE] waiting for good ending check...
ERROR: [KARAKURI_SMOKE] good ending was not reached
   at: push_error (core/variant/variant_utility.cpp:1024)
   GDScript backtrace (most recent call first):
       [0] _assert (res://samples/mystery/scripts/karakuri_scenario_smoke.gd:77)
       [1] _run (res://samples/mystery/scripts/karakuri_scenario_smoke.gd:542)
       [2] _wait_frames (res://samples/mystery/scripts/karakuri_scenario_smoke.gd:81)
Game reset. Health: 3
[DEBUG] KarakuriScenarioRunner constructed: 46245627024
[DEBUG] KarakuriScenarioRunner destructed: 46245068816
[DEBUG] [Runner 46245627024] notify_mode_exit called. current=, next=
[TestimonyUI] hide_panel called
[DEBUG] KarakuriTestimonySession::reset() called. Reason: load_scene_by_id
[DEBUG] [Runner 46245627024] notify_mode_enter called. target=prologue
[DEBUG] KarakuriTestimonySession::reset() called. Reason: notify_mode_enter
[TestimonyUI] on_mode_enter: visible set to false
[DialogueUI] Rebuilding choices. Container exists: true
[DialogueUI] Rebuilding choices. Container exists: true
[DialogueUI] Starting typing: プロローグ
[KARAKURI_SMOKE] waiting for base (with clicks): WarehouseBase
[DialogueUI] Typing finished naturally
[KARAKURI_SMOKE] dialogue playback observed (clear_cycle): プロローグ
[DialogueUI] Starting typing: レン探偵！ボスがお呼びです。
倉庫街で荷物が消失する事件の通報が入りました。
[DialogueUI] Typing finished instantly (speed=0)
[KARAKURI_SMOKE] dialogue playback observed (clear_cycle): レン探偵！ボスがお呼びです。
倉庫街で荷物が消失する事件の通報が入りました。
[DialogueUI] Starting typing: 探偵事務所だ。今日も平和だな。
[DialogueUI] Typing finished instantly (speed=0)
[KARAKURI_SMOKE] dialogue playback observed (clear_cycle): 探偵事務所だ。今日も平和だな。
[DialogueUI] Starting typing: おい！事件だ。今すぐ倉庫街へ向かえ！
[DialogueUI] Typing finished instantly (speed=0)
[KARAKURI_SMOKE] dialogue playback observed (clear_cycle): おい！事件だ。今すぐ倉庫街へ向かえ！
[DialogueUI] Starting typing: 了解です。すぐ調査に向かいます。
[DialogueUI] Typing finished instantly (speed=0)
[KARAKURI_SMOKE] dialogue playback observed (clear_cycle): 了解です。すぐ調査に向かいます。
[DEBUG] [Runner 46245627024] notify_mode_exit called. current=investigation, next=prologue
[DEBUG] KarakuriTestimonySession::reset() called. Reason: notify_mode_exit
[TestimonyUI] hide_panel called
[DEBUG] KarakuriTestimonySession::reset() called. Reason: load_scene_by_id
[DEBUG] [Runner 46245627024] notify_mode_enter called. target=warehouse_investigation
[DEBUG] KarakuriTestimonySession::reset() called. Reason: notify_mode_enter
[TestimonyUI] on_mode_enter: visible set to false
[DialogueUI] Rebuilding choices. Container exists: true
[DialogueUI] Rebuilding choices. Container exists: true
[DialogueUI] Starting typing: ここが現場の倉庫か…手がかりを探そう。
[DialogueUI] Typing finished instantly (speed=0)
[KARAKURI_SMOKE] warehouse intro detected. clearing...
[KARAKURI_SMOKE] dialogue playback observed (clear_cycle): ここが現場の倉庫か…手がかりを探そう。
[DialogueUI] Rebuilding choices. Container exists: true
[KARAKURI_SMOKE] testing NPC (Tanaka) click blocked in Investigate Mode...
[KARAKURI_SMOKE] dialogue playback observed (clear_cycle): ここが現場の倉庫か…手がかりを探そう。
[KARAKURI_SMOKE] testing evidence (Footprints) click blocked in Talk Mode...
[DialogueUI] Rebuilding choices. Container exists: true
[DialogueUI] Starting typing: 巨大な足跡だ。
[DialogueUI] Typing finished instantly (speed=0)
[KARAKURI_SMOKE] dialogue playback observed (clear_cycle): 巨大な足跡だ。
[DialogueUI] Rebuilding choices. Container exists: true
[KARAKURI_SMOKE] testing mode toggle (Talk -> Investigate)...
[KARAKURI_SMOKE] testing NPC interaction (Tanaka)...
[DialogueUI] Rebuilding choices. Container exists: true
[KARAKURI_SMOKE] dialogue playback observed (clear_cycle): 巨大な足跡だ。
[DialogueUI] Starting typing: あなたが管理人さんですか？何か変わったことは？
[DialogueUI] Typing finished instantly (speed=0)
[KARAKURI_SMOKE] dialogue playback observed (clear_cycle): あなたが管理人さんですか？何か変わったことは？
[KARAKURI_SMOKE] dialogue playback observed (clear_cycle): あなたが管理人さんですか？何か変わったことは？
[DialogueUI] Starting typing: おお、探偵さんか。いいですか、私の記録に不備などありませんよ！
[DialogueUI] Typing finished instantly (speed=0)
[KARAKURI_SMOKE] dialogue playback observed (clear_cycle): おお、探偵さんか。いいですか、私の記録に不備などありませんよ！
[DialogueUI] Rebuilding choices. Container exists: true
[KARAKURI_SMOKE] testing NPC interaction (Tanaka - Second Talk)...
[DialogueUI] Rebuilding choices. Container exists: true
[DialogueUI] Starting typing: 管理は完璧です。早く調査を終わらせてください！
[DialogueUI] Typing finished instantly (speed=0)
[KARAKURI_SMOKE] dialogue playback observed (clear_cycle): 管理は完璧です。早く調査を終わらせてください！
[KARAKURI_SMOKE] dialogue playback observed (clear_cycle): 管理は完璧です。早く調査を終わらせてください！
[DialogueUI] Starting typing: あなたが管理人さんですか？何か変わったことは？
[DialogueUI] Typing finished instantly (speed=0)
[DialogueUI] Starting typing: おお、探偵さんか。いいですか、私の記録に不備などありませんよ！
[DialogueUI] Typing finished instantly (speed=0)
[DialogueUI] Rebuilding choices. Container exists: true
[KARAKURI_SMOKE] testing NPC interaction (Sato)...
[DialogueUI] Rebuilding choices. Container exists: true
[KARAKURI_SMOKE] dialogue playback observed (clear_cycle): おお、探偵さんか。いいですか、私の記録に不備などありませんよ！
[DialogueUI] Starting typing: 何か妙な噂は聞いてないか？
[DialogueUI] Typing finished instantly (speed=0)
[KARAKURI_SMOKE] dialogue playback observed (clear_cycle): 何か妙な噂は聞いてないか？
[DialogueUI] Starting typing: （あくび）木箱の近くで光る霧を見ましたよ。不気味ですよねぇ。
[DialogueUI] Typing finished instantly (speed=0)
[KARAKURI_SMOKE] dialogue playback observed (clear_cycle): （あくび）木箱の近くで光る霧を見ましたよ。不気味ですよねぇ。
Item added: ectoplasm
[DialogueUI] Starting typing: 【証拠品：エクトプラズム】を入手した。
[DialogueUI] Typing finished instantly (speed=0)
[KARAKURI_SMOKE] dialogue playback observed (clear_cycle): 【証拠品：エクトプラズム】を入手した。
[DialogueUI] Rebuilding choices. Container exists: true
[KARAKURI_SMOKE] testing inventory open/close via CloseButton...
[DEBUG] [Runner 46245627024] on_evidence_selected called: . active=false, waiting=false
[KARAKURI_SMOKE] testing NPC interaction blocked while inventory open...
[KARAKURI_SMOKE] switching to Investigate Mode for evidence collection...
[KARAKURI_SMOKE] testing exit hints with missing evidence...
[DialogueUI] Rebuilding choices. Container exists: true
[DialogueUI] Starting typing: まだ調査が終わっていない気がする。
[DialogueUI] Typing finished instantly (speed=0)
ERROR: [KARAKURI_SMOKE] missing footprint hint did not show
   at: push_error (core/variant/variant_utility.cpp:1024)
   GDScript backtrace (most recent call first):
       [0] _assert (res://samples/mystery/scripts/karakuri_scenario_smoke.gd:77)
       [1] _go_to_deduction (res://samples/mystery/scripts/karakuri_scenario_smoke.gd:380)
       [2] _wait_for_dialogue_key (res://samples/mystery/scripts/karakuri_scenario_smoke.gd:69)
       [3] _wait_frames (res://samples/mystery/scripts/karakuri_scenario_smoke.gd:81)
[KARAKURI_SMOKE] dialogue playback observed (clear_cycle): まだ調査が終わっていない気がする。
[DialogueUI] Starting typing: 足跡などの物理的な形跡を探すべきだ。
[DialogueUI] Typing finished instantly (speed=0)
[KARAKURI_SMOKE] dialogue playback observed (clear_cycle): 足跡などの物理的な形跡を探すべきだ。
[DialogueUI] Starting typing: もっと人から話を聞いて証言を集める必要がある。
[DialogueUI] Typing finished instantly (speed=0)
[KARAKURI_SMOKE] dialogue playback observed (clear_cycle): もっと人から話を聞いて証言を集める必要がある。
[DialogueUI] Rebuilding choices. Container exists: true
[KARAKURI_SMOKE] testing investigation: collecting footprints...
[DialogueUI] Rebuilding choices. Container exists: true
[KARAKURI_SMOKE] dialogue playback observed (clear_cycle): もっと人から話を聞いて証言を集める必要がある。
[DialogueUI] Starting typing: 血のついた足跡を見つけた！
[DialogueUI] Typing finished instantly (speed=0)
[KARAKURI_SMOKE] dialogue playback observed (clear_cycle): 血のついた足跡を見つけた！
Item added: footprint
[DialogueUI] Starting typing: 【証拠品：足跡】を入手した。
[DialogueUI] Typing finished instantly (speed=0)
[KARAKURI_SMOKE] dialogue playback observed (clear_cycle): 【証拠品：足跡】を入手した。
[DialogueUI] Starting typing: 巨大な足跡だ。
[DialogueUI] Typing finished instantly (speed=0)
[KARAKURI_SMOKE] dialogue playback observed (clear_cycle): 巨大な足跡だ。
[DialogueUI] Rebuilding choices. Container exists: true
Item added: torn_memo
Item added: delivery_log
Item added: witness_report
[KARAKURI_SMOKE] items ready. switching back to Talk Mode to exit...
[KARAKURI_SMOKE] clicking exit...
[KARAKURI_SMOKE] runner idle. clicking exit (attempt 1)...
[DialogueUI] Rebuilding choices. Container exists: true
[DialogueUI] Starting typing: よし、十分な証拠が集まった。
[DialogueUI] Typing finished instantly (speed=0)
[KARAKURI_SMOKE] dialogue playback observed (clear_cycle): よし、十分な証拠が集まった。
[KARAKURI_SMOKE] runner still busy? state: true
[DEBUG] [Runner 46245627024] notify_mode_exit called. current=investigation, next=warehouse_investigation
[DEBUG] KarakuriTestimonySession::reset() called. Reason: notify_mode_exit
[TestimonyUI] hide_panel called
[DEBUG] KarakuriTestimonySession::reset() called. Reason: load_scene_by_id
[DEBUG] [Runner 46245627024] notify_mode_enter called. target=deduction
[DEBUG] KarakuriTestimonySession::reset() called. Reason: notify_mode_enter
[TestimonyUI] on_mode_enter: visible set to false
[DialogueUI] Rebuilding choices. Container exists: true
[DialogueUI] Rebuilding choices. Container exists: true
[KARAKURI_SMOKE] runner still busy? state: true
[KARAKURI_SMOKE] waiting for base (with clicks): OfficeBase
[KARAKURI_SMOKE] waiting for choices...
[DialogueUI] Mouse click detected. is_typing=false _waiting_for_click=false
[DialogueUI] Click ignored (not typing and not waiting)
[DialogueUI] Mouse click detected. is_typing=false _waiting_for_click=false
[DialogueUI] Click ignored (not typing and not waiting)
[DialogueUI] Starting typing: 戻ったか。で、犯人は誰だと思う？
[DialogueUI] Typing finished instantly (speed=0)
[DialogueUI] Mouse click detected. is_typing=false _waiting_for_click=true
[DialogueUI] Dialogue finished, emitting signal
[DialogueUI] Rebuilding choices. Container exists: true
[DialogueUI] Rebuilding choices. Container exists: true
[DialogueUI] Added choice button: 幽霊（証拠: エクトプラズム）
[DialogueUI] Added choice button: 人間（証拠: 足跡）
[DialogueUI] Rebuilding choices. Container exists: true
[DialogueUI] Added choice button: 幽霊（証拠: エクトプラズム）
[DialogueUI] Added choice button: 人間（証拠: 足跡）
[KARAKURI_SMOKE] moving to confrontation for failure branch...
[KARAKURI_SMOKE] dialogue playback observed (clear_cycle): 戻ったか。で、犯人は誰だと思う？
[DialogueUI] Starting typing: 幽霊だと？非科学的だが…そのエクトプラズムは本物か？
[DialogueUI] Typing finished instantly (speed=0)
[KARAKURI_SMOKE] dialogue playback observed (clear_cycle): 幽霊だと？非科学的だが…そのエクトプラズムは本物か？
[DEBUG] [Runner 46245627024] notify_mode_exit called. current=deduction, next=deduction
[DEBUG] KarakuriTestimonySession::reset() called. Reason: notify_mode_exit
[TestimonyUI] hide_panel called
[DEBUG] KarakuriTestimonySession::reset() called. Reason: load_scene_by_id
[DEBUG] [Runner 46245627024] notify_mode_enter called. target=confrontation
[DEBUG] KarakuriTestimonySession::reset() called. Reason: notify_mode_enter
[TestimonyUI] on_mode_enter: visible set to false
[DialogueUI] Rebuilding choices. Container exists: true
[DialogueUI] Rebuilding choices. Container exists: true
[DialogueUI] Starting typing: そこにいるのは分かっている！出てこい！
[DialogueUI] Typing finished instantly (speed=0)
[KARAKURI_SMOKE] dialogue playback observed (clear_cycle): そこにいるのは分かっている！出てこい！
[DialogueUI] Starting typing: ヒェッ！見つかったッス！
[DialogueUI] Typing finished instantly (speed=0)
[KARAKURI_SMOKE] dialogue playback observed (clear_cycle): ヒェッ！見つかったッス！
[DEBUG] [Runner 46245627024] testimony action started. active address: 46245627040
[DEBUG] [Runner 46245627024] testimony action: set active=true
[DialogueUI] Rebuilding choices. Container exists: true
[TestimonyUI] show_panel called
[TestimonyUI] show_panel called
[DEBUG] [Runner 46245627024] testimony action started successfully. active=true
[DEBUG] [Frame 0] testimony_.active changed: 0 -> 1
[DEBUG] [Frame 0] Runner 46245627024 - active=true
[DEBUG] [Frame 0] Runner 46245627024 - active=true
[DEBUG] [Frame 0] Runner 46245627024 - active=true
[DEBUG] [Frame 0] Runner 46245627024 - active=true
[DEBUG] [Frame 0] Runner 46245627024 - active=true
[DEBUG] [Frame 0] Runner 46245627024 - active=true
[DEBUG] [Frame 0] Runner 46245627024 - active=true
[DEBUG] [Frame 0] Runner 46245627024 - active=true
[DEBUG] [Frame 0] Runner 46245627024 - active=true
[DEBUG] [Frame 0] Runner 46245627024 - active=true
[DEBUG] [Frame 0] Runner 46245627024 - active=true
[DEBUG] [Frame 0] Runner 46245627024 - active=true
[DEBUG] [Frame 0] Runner 46245627024 - active=true
[DEBUG] [Frame 0] Runner 46245627024 - active=true
[DEBUG] [Frame 0] Runner 46245627024 - active=true
[DEBUG] [Frame 0] Runner 46245627024 - active=true
[DEBUG] [Frame 0] Runner 46245627024 - active=true
[DEBUG] [Frame 0] Runner 46245627024 - active=true
[DEBUG] [Frame 0] Runner 46245627024 - active=true
[DEBUG] [Frame 0] Runner 46245627024 - active=true
[DEBUG] [Frame 0] Runner 46245627024 - active=true
[DEBUG] [Frame 0] Runner 46245627024 - active=true
[DEBUG] [Frame 0] Runner 46245627024 - active=true
[DEBUG] [Frame 0] Runner 46245627024 - active=true
[DEBUG] [Frame 0] Runner 46245627024 - active=true
[DEBUG] [Frame 0] Runner 46245627024 - active=true
[DEBUG] [Frame 0] Runner 46245627024 - active=true
[DEBUG] [Frame 0] Runner 46245627024 - active=true
[DEBUG] [Frame 0] Runner 46245627024 - active=true
[DEBUG] [Frame 0] Runner 46245627024 - active=true
[DEBUG] [Frame 0] Runner 46245627024 - active=true
[DEBUG] [Frame 0] Runner 46245627024 - active=true
[DEBUG] [Frame 0] Runner 46245627024 - active=true
[DEBUG] [Frame 0] Runner 46245627024 - active=true
[DEBUG] [Frame 0] Runner 46245627024 - active=true
[DEBUG] [Frame 0] Runner 46245627024 - active=true
[DEBUG] [Frame 0] Runner 46245627024 - active=true
[DEBUG] [Frame 0] Runner 46245627024 - active=true
[DEBUG] [Frame 0] Runner 46245627024 - active=true
[DEBUG] [Frame 0] Runner 46245627024 - active=true
[DEBUG] [Frame 0] Runner 46245627024 - active=true
[DEBUG] [Frame 0] Runner 46245627024 - active=true
[DEBUG] [Frame 0] Runner 46245627024 - active=true
[DEBUG] [Frame 0] Runner 46245627024 - active=true
[DEBUG] [Frame 0] Runner 46245627024 - active=true
[DEBUG] [Frame 0] Runner 46245627024 - active=true
[DEBUG] [Frame 0] Runner 46245627024 - active=true
[DEBUG] [Frame 0] Runner 46245627024 - active=true
[DEBUG] [Frame 0] Runner 46245627024 - active=true
[DEBUG] [Frame 0] Runner 46245627024 - active=true
[DEBUG] [Frame 0] Runner 46245627024 - active=true
[DEBUG] [Frame 0] Runner 46245627024 - active=true
[DEBUG] [Frame 0] Runner 46245627024 - active=true
[DEBUG] [Frame 0] Runner 46245627024 - active=true
[DEBUG] [Frame 0] Runner 46245627024 - active=true
[DEBUG] [Frame 0] Runner 46245627024 - active=true
[DEBUG] [Frame 0] Runner 46245627024 - active=true
[DEBUG] [Frame 0] Runner 46245627024 - active=true
[DEBUG] [Frame 0] Runner 46245627024 - active=true
[DEBUG] [Frame 0] Runner 46245627024 - active=true
[DEBUG] [Frame 0] Runner 46245627024 - active=true
[DEBUG] [Frame 0] Runner 46245627024 - active=true
[DEBUG] [Frame 0] Runner 46245627024 - active=true
[DEBUG] [Frame 0] Runner 46245627024 - active=true
[DEBUG] [Frame 0] Runner 46245627024 - active=true
[DEBUG] [Frame 0] Runner 46245627024 - active=true
[DEBUG] [Frame 0] Runner 46245627024 - active=true
[DEBUG] [Frame 0] Runner 46245627024 - active=true
[DEBUG] [Frame 0] Runner 46245627024 - active=true
[DEBUG] [Frame 0] Runner 46245627024 - active=true
[DEBUG] [Frame 0] Runner 46245627024 - active=true
[DEBUG] [Frame 0] Runner 46245627024 - active=true
[DEBUG] [Frame 0] Runner 46245627024 - active=true
[DEBUG] [Frame 0] Runner 46245627024 - active=true
[DEBUG] [Frame 0] Runner 46245627024 - active=true
[DEBUG] [Frame 0] Runner 46245627024 - active=true
[DEBUG] [Frame 0] Runner 46245627024 - active=true
[DEBUG] [Frame 0] Runner 46245627024 - active=true
[DEBUG] [Frame 0] Runner 46245627024 - active=true
[DEBUG] [Frame 0] Runner 46245627024 - active=true
[DEBUG] [Frame 0] Runner 46245627024 - active=true
[DEBUG] [Frame 0] Runner 46245627024 - active=true
[DEBUG] [Frame 0] Runner 46245627024 - active=true
[DEBUG] [Frame 0] Runner 46245627024 - active=true
[DEBUG] [Frame 0] Runner 46245627024 - active=true
[DEBUG] [Frame 0] Runner 46245627024 - active=true
[DEBUG] [Frame 0] Runner 46245627024 - active=true
[DEBUG] [Frame 0] Runner 46245627024 - active=true
[DEBUG] [Frame 0] Runner 46245627024 - active=true
[DEBUG] [Frame 0] Runner 46245627024 - active=true
[DEBUG] [Frame 0] Runner 46245627024 - active=true
[DEBUG] [Frame 0] Runner 46245627024 - active=true
[DEBUG] [Frame 0] Runner 46245627024 - active=true
[DEBUG] [Frame 0] Runner 46245627024 - active=true
[DEBUG] [Frame 0] Runner 46245627024 - active=true
[DEBUG] [Frame 0] Runner 46245627024 - active=true
[DEBUG] [Frame 0] Runner 46245627024 - active=true
[DEBUG] [Frame 0] Runner 46245627024 - active=true
[DEBUG] [Frame 0] Runner 46245627024 - active=true
[DEBUG] [Frame 0] Runner 46245627024 - active=true
[DEBUG] [Frame 0] Runner 46245627024 - active=true
[DEBUG] [Frame 0] Runner 46245627024 - active=true
[DEBUG] [Frame 0] Runner 46245627024 - active=true
[DEBUG] [Frame 0] Runner 46245627024 - active=true
[DEBUG] [Frame 0] Runner 46245627024 - active=true
[DEBUG] [Frame 0] Runner 46245627024 - active=true
[DEBUG] [Frame 0] Runner 46245627024 - active=true
[DEBUG] [Frame 0] Runner 46245627024 - active=true
[DEBUG] [Frame 0] Runner 46245627024 - active=true
[DEBUG] [Frame 0] Runner 46245627024 - active=true
[DEBUG] [Frame 0] Runner 46245627024 - active=true
[DEBUG] [Frame 0] Runner 46245627024 - active=true
[DEBUG] [Frame 0] Runner 46245627024 - active=true
[DEBUG] [Frame 0] Runner 46245627024 - active=true
[DEBUG] [Frame 0] Runner 46245627024 - active=true
[DEBUG] [Frame 0] Runner 46245627024 - active=true
[DEBUG] [Frame 0] Runner 46245627024 - active=true
[DEBUG] [Frame 0] Runner 46245627024 - active=true
[DEBUG] [Frame 0] Runner 46245627024 - active=true
[DEBUG] [Frame 0] Runner 46245627024 - active=true
[DEBUG] [Frame 0] Runner 46245627024 - active=true
[DEBUG] [Frame 0] Runner 46245627024 - active=true
[DEBUG] [Frame 0] Runner 46245627024 - active=true
[DEBUG] [Frame 0] Runner 46245627024 - active=true
[DEBUG] [Frame 0] Runner 46245627024 - active=true
[DEBUG] [Frame 0] Runner 46245627024 - active=true
[DEBUG] [Frame 0] Runner 46245627024 - active=true
[DEBUG] [Frame 0] Runner 46245627024 - active=true
[DEBUG] [Frame 0] Runner 46245627024 - active=true
[DEBUG] [Frame 0] Runner 46245627024 - active=true
[DEBUG] [Frame 0] Runner 46245627024 - active=true
[DEBUG] [Frame 0] Runner 46245627024 - active=true
[DEBUG] [Frame 0] Runner 46245627024 - active=true
[DEBUG] [Frame 0] Runner 46245627024 - active=true
[DEBUG] [Frame 0] Runner 46245627024 - active=true
[DEBUG] [Frame 0] Runner 46245627024 - active=true
[DEBUG] [Frame 0] Runner 46245627024 - active=true
[DEBUG] [Frame 0] Runner 46245627024 - active=true
[DEBUG] [Frame 0] Runner 46245627024 - active=true
[DEBUG] [Frame 0] Runner 46245627024 - active=true
[DEBUG] [Frame 0] Runner 46245627024 - active=true
[DEBUG] [Frame 0] Runner 46245627024 - active=true
[DEBUG] [Frame 0] Runner 46245627024 - active=true
[DEBUG] [Frame 0] Runner 46245627024 - active=true
[DEBUG] [Frame 0] Runner 46245627024 - active=true
[DEBUG] [Frame 0] Runner 46245627024 - active=true
[DEBUG] [Frame 0] Runner 46245627024 - active=true
[DEBUG] [Frame 0] Runner 46245627024 - active=true
[DEBUG] [Frame 0] Runner 46245627024 - active=true
[DEBUG] [Frame 0] Runner 46245627024 - active=true
[DEBUG] [Frame 0] Runner 46245627024 - active=true
[DEBUG] [Frame 0] Runner 46245627024 - active=true
[DEBUG] [Frame 0] Runner 46245627024 - active=true
[DEBUG] [Frame 0] Runner 46245627024 - active=true
[DEBUG] [Frame 0] Runner 46245627024 - active=true
[DEBUG] [Frame 0] Runner 46245627024 - active=true
[DEBUG] [Frame 0] Runner 46245627024 - active=true
[DEBUG] [Frame 0] Runner 46245627024 - active=true
[DEBUG] [Frame 0] Runner 46245627024 - active=true
[DEBUG] [Frame 0] Runner 46245627024 - active=true
[DEBUG] [Frame 0] Runner 46245627024 - active=true
[DEBUG] [Frame 0] Runner 46245627024 - active=true
[DEBUG] [Frame 0] Runner 46245627024 - active=true
[DEBUG] [Frame 0] Runner 46245627024 - active=true
[DEBUG] [Frame 0] Runner 46245627024 - active=true
[DEBUG] [Frame 0] Runner 46245627024 - active=true
[DEBUG] [Frame 0] Runner 46245627024 - active=true
[DEBUG] [Frame 0] Runner 46245627024 - active=true
[DEBUG] [Frame 0] Runner 46245627024 - active=true
[DEBUG] [Frame 0] Runner 46245627024 - active=true
[DEBUG] [Frame 0] Runner 46245627024 - active=true
[DEBUG] [Frame 0] Runner 46245627024 - active=true
[DEBUG] [Frame 0] Runner 46245627024 - active=true
[DEBUG] [Frame 0] Runner 46245627024 - active=true
[DEBUG] [Frame 0] Runner 46245627024 - active=true
[DEBUG] [Frame 0] Runner 46245627024 - active=true
[DEBUG] [Frame 0] Runner 46245627024 - active=true
[DEBUG] [Frame 0] Runner 46245627024 - active=true
[DEBUG] [Frame 0] Runner 46245627024 - active=true
[KARAKURI_SMOKE] providing wrong evidence until death...
[DEBUG] [Runner 46245627024] on_testimony_present_requested called. active=true, waiting=false, ui=true
[DEBUG] [Frame 0] Runner 46245627024 - active=true
[DEBUG] [Frame 0] Runner 46245627024 - active=true
[DEBUG] [Frame 0] Runner 46245627024 - active=true
[DEBUG] [Frame 0] Runner 46245627024 - active=true
[DEBUG] [Frame 0] Runner 46245627024 - active=true
[DEBUG] [Frame 0] Runner 46245627024 - active=true
[DEBUG] [Frame 0] Runner 46245627024 - active=true
[DEBUG] [Frame 0] Runner 46245627024 - active=true
[DEBUG] [Frame 0] Runner 46245627024 - active=true
[DEBUG] [Frame 0] Runner 46245627024 - active=true
[DEBUG] [Frame 0] Runner 46245627024 - active=true
[DEBUG] [Frame 0] Runner 46245627024 - active=true
[DEBUG] [Frame 0] Runner 46245627024 - active=true
[DEBUG] [Frame 0] Runner 46245627024 - active=true
[DEBUG] [Frame 0] Runner 46245627024 - active=true
[DEBUG] [Runner 46245627024] on_evidence_selected called: ectoplasm. active=true, waiting=true
[DEBUG] Calling take_damage on adventure state.
Took damage. Health now: 2
[DialogueUI] Starting typing: 証拠が違う…
[DialogueUI] Typing finished instantly (speed=0)
[TestimonyUI] show_panel called
[DEBUG] [Frame 0] Runner 46245627024 - active=true
[DEBUG] [Frame 0] Runner 46245627024 - active=true
[DEBUG] [Frame 0] Runner 46245627024 - active=true
[DEBUG] [Frame 0] Runner 46245627024 - active=true
[DEBUG] [Frame 0] Runner 46245627024 - active=true
[DEBUG] [Frame 0] Runner 46245627024 - active=true
[DEBUG] [Frame 0] Runner 46245627024 - active=true
[DEBUG] [Frame 0] Runner 46245627024 - active=true
[DEBUG] [Frame 0] Runner 46245627024 - active=true
[DEBUG] [Frame 0] Runner 46245627024 - active=true
[KARAKURI_SMOKE] dialogue playback observed (clear_cycle): 証拠が違う…
[DEBUG] [Frame 0] Runner 46245627024 - active=true
[DEBUG] [Frame 0] Runner 46245627024 - active=true
[DEBUG] [Frame 0] Runner 46245627024 - active=true
[DEBUG] [Frame 0] Runner 46245627024 - active=true
[DEBUG] [Frame 0] Runner 46245627024 - active=true
[DEBUG] [Frame 0] Runner 46245627024 - active=true
[DEBUG] [Frame 0] Runner 46245627024 - active=true
[DEBUG] [Frame 0] Runner 46245627024 - active=true
[DEBUG] [Frame 0] Runner 46245627024 - active=true
[DEBUG] [Frame 0] Runner 46245627024 - active=true
[DEBUG] [Frame 0] Runner 46245627024 - active=true
[DEBUG] [Frame 0] Runner 46245627024 - active=true
[DEBUG] [Frame 0] Runner 46245627024 - active=true
[DEBUG] [Frame 0] Runner 46245627024 - active=true
[DEBUG] [Frame 0] Runner 46245627024 - active=true
[DEBUG] [Frame 0] Runner 46245627024 - active=true
[DEBUG] [Frame 0] Runner 46245627024 - active=true
[DEBUG] [Frame 0] Runner 46245627024 - active=true
[DEBUG] [Frame 0] Runner 46245627024 - active=true
[DEBUG] [Frame 0] Runner 46245627024 - active=true
[DEBUG] [Frame 0] Runner 46245627024 - active=true
[DEBUG] [Frame 0] Runner 46245627024 - active=true
[DEBUG] [Frame 0] Runner 46245627024 - active=true
[DEBUG] [Frame 0] Runner 46245627024 - active=true
[DEBUG] [Frame 0] Runner 46245627024 - active=true
[DEBUG] [Frame 0] Runner 46245627024 - active=true
[DEBUG] [Frame 0] Runner 46245627024 - active=true
[DEBUG] [Frame 0] Runner 46245627024 - active=true
[DEBUG] [Frame 0] Runner 46245627024 - active=true
[DEBUG] [Frame 0] Runner 46245627024 - active=true
[DEBUG] [Frame 0] Runner 46245627024 - active=true
[DEBUG] [Frame 0] Runner 46245627024 - active=true
[DEBUG] [Frame 0] Runner 46245627024 - active=true
[DEBUG] [Frame 0] Runner 46245627024 - active=true
[DEBUG] [Frame 0] Runner 46245627024 - active=true
[DEBUG] [Frame 0] Runner 46245627024 - active=true
[DEBUG] [Frame 0] Runner 46245627024 - active=true
[DEBUG] [Frame 0] Runner 46245627024 - active=true
[DEBUG] [Frame 0] Runner 46245627024 - active=true
[DEBUG] [Frame 0] Runner 46245627024 - active=true
[DEBUG] [Frame 0] Runner 46245627024 - active=true
[DEBUG] [Frame 0] Runner 46245627024 - active=true
[DEBUG] [Frame 0] Runner 46245627024 - active=true
[DEBUG] [Frame 0] Runner 46245627024 - active=true
[DEBUG] [Frame 0] Runner 46245627024 - active=true
[DEBUG] [Frame 0] Runner 46245627024 - active=true
[DEBUG] [Frame 0] Runner 46245627024 - active=true
[DEBUG] [Frame 0] Runner 46245627024 - active=true
[DEBUG] [Frame 0] Runner 46245627024 - active=true
[DEBUG] [Frame 0] Runner 46245627024 - active=true
[DEBUG] [Frame 0] Runner 46245627024 - active=true
[DEBUG] [Frame 0] Runner 46245627024 - active=true
[DEBUG] [Frame 0] Runner 46245627024 - active=true
[DEBUG] [Frame 0] Runner 46245627024 - active=true
[DEBUG] [Frame 0] Runner 46245627024 - active=true
[DEBUG] [Frame 0] Runner 46245627024 - active=true
[DEBUG] [Frame 0] Runner 46245627024 - active=true
[DEBUG] [Frame 0] Runner 46245627024 - active=true
[DEBUG] [Frame 0] Runner 46245627024 - active=true
[DEBUG] [Frame 0] Runner 46245627024 - active=true
[DEBUG] [Frame 0] Runner 46245627024 - active=true
[DEBUG] [Frame 0] Runner 46245627024 - active=true
[DEBUG] [Frame 0] Runner 46245627024 - active=true
[DEBUG] [Frame 0] Runner 46245627024 - active=true
[DEBUG] [Frame 0] Runner 46245627024 - active=true
[DEBUG] [Frame 0] Runner 46245627024 - active=true
[DEBUG] [Frame 0] Runner 46245627024 - active=true
[DEBUG] [Frame 0] Runner 46245627024 - active=true
[DEBUG] [Frame 0] Runner 46245627024 - active=true
[DEBUG] [Frame 0] Runner 46245627024 - active=true
[DEBUG] [Runner 46245627024] on_testimony_present_requested called. active=true, waiting=false, ui=true
[DEBUG] [Frame 0] Runner 46245627024 - active=true
[DEBUG] [Frame 0] Runner 46245627024 - active=true
[DEBUG] [Frame 0] Runner 46245627024 - active=true
[DEBUG] [Frame 0] Runner 46245627024 - active=true
[DEBUG] [Frame 0] Runner 46245627024 - active=true
[DEBUG] [Frame 0] Runner 46245627024 - active=true
[DEBUG] [Frame 0] Runner 46245627024 - active=true
[DEBUG] [Frame 0] Runner 46245627024 - active=true
[DEBUG] [Frame 0] Runner 46245627024 - active=true
[DEBUG] [Frame 0] Runner 46245627024 - active=true
[DEBUG] [Frame 0] Runner 46245627024 - active=true
[DEBUG] [Frame 0] Runner 46245627024 - active=true
[DEBUG] [Frame 0] Runner 46245627024 - active=true
[DEBUG] [Frame 0] Runner 46245627024 - active=true
[DEBUG] [Frame 0] Runner 46245627024 - active=true
[DEBUG] [Runner 46245627024] on_evidence_selected called: ectoplasm. active=true, waiting=true
[DEBUG] Calling take_damage on adventure state.
Took damage. Health now: 1
[DialogueUI] Starting typing: 証拠が違う…
[DialogueUI] Typing finished instantly (speed=0)
[TestimonyUI] show_panel called
[DEBUG] [Frame 0] Runner 46245627024 - active=true
[DEBUG] [Frame 0] Runner 46245627024 - active=true
[DEBUG] [Frame 0] Runner 46245627024 - active=true
[DEBUG] [Frame 0] Runner 46245627024 - active=true
[DEBUG] [Frame 0] Runner 46245627024 - active=true
[DEBUG] [Frame 0] Runner 46245627024 - active=true
[DEBUG] [Frame 0] Runner 46245627024 - active=true
[DEBUG] [Frame 0] Runner 46245627024 - active=true
[DEBUG] [Frame 0] Runner 46245627024 - active=true
[DEBUG] [Frame 0] Runner 46245627024 - active=true
[DEBUG] [Frame 0] Runner 46245627024 - active=true
[DEBUG] [Frame 0] Runner 46245627024 - active=true
[DEBUG] [Frame 0] Runner 46245627024 - active=true
[DEBUG] [Frame 0] Runner 46245627024 - active=true
[DEBUG] [Frame 0] Runner 46245627024 - active=true
[DEBUG] [Frame 0] Runner 46245627024 - active=true
[DEBUG] [Frame 0] Runner 46245627024 - active=true
[DEBUG] [Frame 0] Runner 46245627024 - active=true
[DEBUG] [Frame 0] Runner 46245627024 - active=true
[DEBUG] [Frame 0] Runner 46245627024 - active=true
[DEBUG] [Frame 0] Runner 46245627024 - active=true
[DEBUG] [Frame 0] Runner 46245627024 - active=true
[DEBUG] [Frame 0] Runner 46245627024 - active=true
[DEBUG] [Frame 0] Runner 46245627024 - active=true
[DEBUG] [Frame 0] Runner 46245627024 - active=true
[DEBUG] [Frame 0] Runner 46245627024 - active=true
[DEBUG] [Frame 0] Runner 46245627024 - active=true
[DEBUG] [Frame 0] Runner 46245627024 - active=true
[DEBUG] [Frame 0] Runner 46245627024 - active=true
[DEBUG] [Frame 0] Runner 46245627024 - active=true
[DEBUG] [Frame 0] Runner 46245627024 - active=true
[DEBUG] [Frame 0] Runner 46245627024 - active=true
[DEBUG] [Frame 0] Runner 46245627024 - active=true
[DEBUG] [Frame 0] Runner 46245627024 - active=true
[DEBUG] [Frame 0] Runner 46245627024 - active=true
[DEBUG] [Frame 0] Runner 46245627024 - active=true
[DEBUG] [Frame 0] Runner 46245627024 - active=true
[DEBUG] [Frame 0] Runner 46245627024 - active=true
[DEBUG] [Frame 0] Runner 46245627024 - active=true
[DEBUG] [Frame 0] Runner 46245627024 - active=true
[DEBUG] [Frame 0] Runner 46245627024 - active=true
[DEBUG] [Frame 0] Runner 46245627024 - active=true
[DEBUG] [Frame 0] Runner 46245627024 - active=true
[DEBUG] [Frame 0] Runner 46245627024 - active=true
[DEBUG] [Frame 0] Runner 46245627024 - active=true
[DEBUG] [Frame 0] Runner 46245627024 - active=true
[DEBUG] [Frame 0] Runner 46245627024 - active=true
[DEBUG] [Frame 0] Runner 46245627024 - active=true
[DEBUG] [Frame 0] Runner 46245627024 - active=true
[DEBUG] [Frame 0] Runner 46245627024 - active=true
[DEBUG] [Frame 0] Runner 46245627024 - active=true
[DEBUG] [Frame 0] Runner 46245627024 - active=true
[DEBUG] [Frame 0] Runner 46245627024 - active=true
[DEBUG] [Frame 0] Runner 46245627024 - active=true
[DEBUG] [Frame 0] Runner 46245627024 - active=true
[DEBUG] [Frame 0] Runner 46245627024 - active=true
[DEBUG] [Frame 0] Runner 46245627024 - active=true
[DEBUG] [Frame 0] Runner 46245627024 - active=true
[DEBUG] [Frame 0] Runner 46245627024 - active=true
[DEBUG] [Frame 0] Runner 46245627024 - active=true
[DEBUG] [Frame 0] Runner 46245627024 - active=true
[DEBUG] [Frame 0] Runner 46245627024 - active=true
[DEBUG] [Frame 0] Runner 46245627024 - active=true
[DEBUG] [Frame 0] Runner 46245627024 - active=true
[DEBUG] [Frame 0] Runner 46245627024 - active=true
[DEBUG] [Frame 0] Runner 46245627024 - active=true
[DEBUG] [Frame 0] Runner 46245627024 - active=true
[DEBUG] [Frame 0] Runner 46245627024 - active=true
[DEBUG] [Frame 0] Runner 46245627024 - active=true
[DEBUG] [Frame 0] Runner 46245627024 - active=true
[DEBUG] [Frame 0] Runner 46245627024 - active=true
[DEBUG] [Frame 0] Runner 46245627024 - active=true
[DEBUG] [Frame 0] Runner 46245627024 - active=true
[DEBUG] [Frame 0] Runner 46245627024 - active=true
[DEBUG] [Frame 0] Runner 46245627024 - active=true
[DEBUG] [Frame 0] Runner 46245627024 - active=true
[DEBUG] [Frame 0] Runner 46245627024 - active=true
[DEBUG] [Frame 0] Runner 46245627024 - active=true
[DEBUG] [Frame 0] Runner 46245627024 - active=true
[DEBUG] [Frame 0] Runner 46245627024 - active=true
[DEBUG] [Runner 46245627024] on_testimony_present_requested called. active=true, waiting=false, ui=true
[DEBUG] [Frame 0] Runner 46245627024 - active=true
[DEBUG] [Frame 0] Runner 46245627024 - active=true
[DEBUG] [Frame 0] Runner 46245627024 - active=true
[DEBUG] [Frame 0] Runner 46245627024 - active=true
[DEBUG] [Frame 0] Runner 46245627024 - active=true
[DEBUG] [Frame 0] Runner 46245627024 - active=true
[DEBUG] [Frame 0] Runner 46245627024 - active=true
[DEBUG] [Frame 0] Runner 46245627024 - active=true
[DEBUG] [Frame 0] Runner 46245627024 - active=true
[DEBUG] [Frame 0] Runner 46245627024 - active=true
[DEBUG] [Frame 0] Runner 46245627024 - active=true
[DEBUG] [Frame 0] Runner 46245627024 - active=true
[DEBUG] [Frame 0] Runner 46245627024 - active=true
[DEBUG] [Frame 0] Runner 46245627024 - active=true
[DEBUG] [Frame 0] Runner 46245627024 - active=true
[DEBUG] [Runner 46245627024] on_evidence_selected called: ectoplasm. active=true, waiting=true
[DEBUG] Calling take_damage on adventure state.
Took damage. Health now: 0
[DialogueUI] Starting typing: 証拠が違う…
[DialogueUI] Typing finished instantly (speed=0)
[DEBUG] [Runner 46245627024] complete_testimony called. success=false
[DEBUG] KarakuriTestimonySession::reset() called. Reason: complete_testimony
[DialogueUI] Rebuilding choices. Container exists: true
[TestimonyUI] hide_panel called
[DEBUG] [Frame 0] testimony_.active changed: 1 -> 0
[DEBUG] [Runner 46245627024] notify_mode_exit called. current=confrontation, next=confrontation
[DEBUG] KarakuriTestimonySession::reset() called. Reason: notify_mode_exit
SCRIPT ERROR: Parse Error: Function "get_tree()" not found in base self.
          at: GDScript::reload (res://samples/mystery/scripts/ending_base_ui.gd:3)
SCRIPT ERROR: Parse Error: Cannot infer the type of "sr" variable because the value doesn't have a set type.
          at: GDScript::reload (res://samples/mystery/scripts/ending_base_ui.gd:3)
SCRIPT ERROR: Parse Error: Identifier "background" not declared in the current scope.
          at: GDScript::reload (res://samples/mystery/scripts/ending_base_ui.gd:16)
SCRIPT ERROR: Parse Error: Identifier "background" not declared in the current scope.
          at: GDScript::reload (res://samples/mystery/scripts/ending_base_ui.gd:18)
ERROR: Failed to load script "res://samples/mystery/scripts/ending_base_ui.gd" with error "Parse error".
   at: load (modules/gdscript/gdscript.cpp:2907)
[TestimonyUI] hide_panel called
[DEBUG] KarakuriTestimonySession::reset() called. Reason: load_scene_by_id
[DEBUG] [Runner 46245627024] notify_mode_enter called. target=ending_bad
[DEBUG] KarakuriTestimonySession::reset() called. Reason: notify_mode_enter
[TestimonyUI] on_mode_enter: visible set to false
[DialogueUI] Rebuilding choices. Container exists: true
[DialogueUI] Rebuilding choices. Container exists: true
[DialogueUI] Starting typing: 捜査失敗...
[DialogueUI] Typing finished instantly (speed=0)
[KARAKURI_SMOKE] dialogue playback observed (clear_cycle): 捜査失敗...
[DialogueUI] Rebuilding choices. Container exists: true
[KARAKURI_SMOKE] waiting for bad ending check...
[DEBUG] KarakuriScenarioRunner destructed: 46245627024
